1557786179282	geckodriver	INFO	geckodriver 0.19.1
1557786179352	geckodriver	INFO	Listening on 127.0.0.1:49547
1557786180622	mozrunner::runner	INFO	Running command: "/Applications/Firefox.app/Contents/MacOS/firefox-bin" "-marionette" "-profile" "/var/folders/_v/j7t1zbh11z59xdrms6n9x4pr0000gn/T/rust_mozprofile.RwT9e7yOmvqC"
1557786186067	addons.webextension.screenshots@mozilla.org	WARN	Loading extension 'screenshots@mozilla.org': Reading manifest: Invalid extension permission: mozillaAddons
1557786186067	addons.webextension.screenshots@mozilla.org	WARN	Loading extension 'screenshots@mozilla.org': Reading manifest: Invalid extension permission: resource://pdf.js/
1557786186067	addons.webextension.screenshots@mozilla.org	WARN	Loading extension 'screenshots@mozilla.org': Reading manifest: Invalid extension permission: about:reader*
1557786186159	Marionette	TRACE	Received observer notification profile-after-change
1557786186332	Marionette	TRACE	Received observer notification command-line-startup
1557786186333	Marionette	TRACE	Received observer notification nsPref:changed
1557786186333	Marionette	DEBUG	Init aborted (running=false, enabled=true, finalUIStartup=false)
1557786186549	Marionette	TRACE	Received observer notification toplevel-window-ready
1557786187347	Marionette	TRACE	Received observer notification sessionstore-windows-restored
1557786187347	Marionette	TRACE	Waiting until startup recorder finished recording startup scripts...
1557786187520	Marionette	TRACE	All scripts recorded.
1557786187520	Marionette	DEBUG	Setting recommended pref app.update.disabledForTesting to true
1557786187520	Marionette	DEBUG	Setting recommended pref browser.contentblocking.introCount to 99
1557786187520	Marionette	DEBUG	Setting recommended pref datareporting.policy.dataSubmissionPolicyAccepted to false
1557786187521	Marionette	DEBUG	Setting recommended pref dom.disable_beforeunload to true
1557786187521	Marionette	DEBUG	Setting recommended pref toolkit.cosmeticAnimations.enabled to false
1557786187553	Marionette	INFO	Listening on port 49563
1557786187553	Marionette	DEBUG	Remote service is active
console.error: BroadcastService: 
  receivedBroadcastMessage: handler for
  remote-settings/monitor_changes
  threw error:
  Message: Error: Polling for changes failed: NetworkError when attempting to fetch resource..
  Stack:
    remoteSettingsFunction/remoteSettings.pollChanges@resource://services-settings/remote-settings.js:190:13

console.error: BroadcastService: 
  receivedBroadcastMessage: handler for
  remote-settings/monitor_changes
  threw error:
  Message: Error: Polling for changes failed: NetworkError when attempting to fetch resource..
  Stack:
    remoteSettingsFunction/remoteSettings.pollChanges@resource://services-settings/remote-settings.js:190:13

